Connecting to database specified by database.yml


Started GET "/" for 127.0.0.1 at 2012-07-22 00:21:58 +0300

ActionController::RoutingError (uninitialized constant ResourcesController):
  activesupport (3.2.6) lib/active_support/inflector/methods.rb:229:in `block in constantize'
  activesupport (3.2.6) lib/active_support/inflector/methods.rb:228:in `each'
  activesupport (3.2.6) lib/active_support/inflector/methods.rb:228:in `constantize'
  actionpack (3.2.6) lib/action_dispatch/routing/route_set.rb:69:in `controller_reference'
  actionpack (3.2.6) lib/action_dispatch/routing/route_set.rb:54:in `controller'
  actionpack (3.2.6) lib/action_dispatch/routing/route_set.rb:32:in `call'
  journey (1.0.4) lib/journey/router.rb:68:in `block in call'
  journey (1.0.4) lib/journey/router.rb:56:in `each'
  journey (1.0.4) lib/journey/router.rb:56:in `call'
  actionpack (3.2.6) lib/action_dispatch/routing/route_set.rb:600:in `call'
  actionpack (3.2.6) lib/action_dispatch/middleware/best_standards_support.rb:17:in `call'
  rack (1.4.1) lib/rack/etag.rb:23:in `call'
  rack (1.4.1) lib/rack/conditionalget.rb:25:in `call'
  actionpack (3.2.6) lib/action_dispatch/middleware/head.rb:14:in `call'
  actionpack (3.2.6) lib/action_dispatch/middleware/params_parser.rb:21:in `call'
  actionpack (3.2.6) lib/action_dispatch/middleware/flash.rb:242:in `call'
  rack (1.4.1) lib/rack/session/abstract/id.rb:205:in `context'
  rack (1.4.1) lib/rack/session/abstract/id.rb:200:in `call'
  actionpack (3.2.6) lib/action_dispatch/middleware/cookies.rb:338:in `call'
  actionpack (3.2.6) lib/action_dispatch/middleware/callbacks.rb:28:in `block in call'
  activesupport (3.2.6) lib/active_support/callbacks.rb:405:in `_run__138149470__call__80152729__callbacks'
  activesupport (3.2.6) lib/active_support/callbacks.rb:405:in `__run_callback'
  activesupport (3.2.6) lib/active_support/callbacks.rb:385:in `_run_call_callbacks'
  activesupport (3.2.6) lib/active_support/callbacks.rb:81:in `run_callbacks'
  actionpack (3.2.6) lib/action_dispatch/middleware/callbacks.rb:27:in `call'
  actionpack (3.2.6) lib/action_dispatch/middleware/reloader.rb:65:in `call'
  actionpack (3.2.6) lib/action_dispatch/middleware/remote_ip.rb:31:in `call'
  actionpack (3.2.6) lib/action_dispatch/middleware/debug_exceptions.rb:16:in `call'
  actionpack (3.2.6) lib/action_dispatch/middleware/show_exceptions.rb:56:in `call'
  railties (3.2.6) lib/rails/rack/logger.rb:26:in `call_app'
  railties (3.2.6) lib/rails/rack/logger.rb:16:in `call'
  actionpack (3.2.6) lib/action_dispatch/middleware/request_id.rb:22:in `call'
  rack (1.4.1) lib/rack/methodoverride.rb:21:in `call'
  rack (1.4.1) lib/rack/runtime.rb:17:in `call'
  activesupport (3.2.6) lib/active_support/cache/strategy/local_cache.rb:72:in `call'
  rack (1.4.1) lib/rack/lock.rb:15:in `call'
  actionpack (3.2.6) lib/action_dispatch/middleware/static.rb:62:in `call'
  railties (3.2.6) lib/rails/engine.rb:479:in `call'
  railties (3.2.6) lib/rails/application.rb:220:in `call'
  rack (1.4.1) lib/rack/content_length.rb:14:in `call'
  railties (3.2.6) lib/rails/rack/log_tailer.rb:17:in `call'
  rack (1.4.1) lib/rack/handler/webrick.rb:59:in `service'
  /home/kraken/.rvm/rubies/ruby-1.9.3-p0/lib/ruby/1.9.1/webrick/httpserver.rb:138:in `service'
  /home/kraken/.rvm/rubies/ruby-1.9.3-p0/lib/ruby/1.9.1/webrick/httpserver.rb:94:in `run'
  /home/kraken/.rvm/rubies/ruby-1.9.3-p0/lib/ruby/1.9.1/webrick/server.rb:191:in `block in start_thread'


  Rendered /home/kraken/.rvm/gems/ruby-1.9.3-p0/gems/actionpack-3.2.6/lib/action_dispatch/middleware/templates/rescues/routing_error.erb within rescues/layout (3.2ms)


Started GET "/" for 127.0.0.1 at 2012-07-22 00:21:58 +0300

ActionController::RoutingError (uninitialized constant ResourcesController):
  activesupport (3.2.6) lib/active_support/inflector/methods.rb:229:in `block in constantize'
  activesupport (3.2.6) lib/active_support/inflector/methods.rb:228:in `each'
  activesupport (3.2.6) lib/active_support/inflector/methods.rb:228:in `constantize'
  actionpack (3.2.6) lib/action_dispatch/routing/route_set.rb:69:in `controller_reference'
  actionpack (3.2.6) lib/action_dispatch/routing/route_set.rb:54:in `controller'
  actionpack (3.2.6) lib/action_dispatch/routing/route_set.rb:32:in `call'
  journey (1.0.4) lib/journey/router.rb:68:in `block in call'
  journey (1.0.4) lib/journey/router.rb:56:in `each'
  journey (1.0.4) lib/journey/router.rb:56:in `call'
  actionpack (3.2.6) lib/action_dispatch/routing/route_set.rb:600:in `call'
  actionpack (3.2.6) lib/action_dispatch/middleware/best_standards_support.rb:17:in `call'
  rack (1.4.1) lib/rack/etag.rb:23:in `call'
  rack (1.4.1) lib/rack/conditionalget.rb:25:in `call'
  actionpack (3.2.6) lib/action_dispatch/middleware/head.rb:14:in `call'
  actionpack (3.2.6) lib/action_dispatch/middleware/params_parser.rb:21:in `call'
  actionpack (3.2.6) lib/action_dispatch/middleware/flash.rb:242:in `call'
  rack (1.4.1) lib/rack/session/abstract/id.rb:205:in `context'
  rack (1.4.1) lib/rack/session/abstract/id.rb:200:in `call'
  actionpack (3.2.6) lib/action_dispatch/middleware/cookies.rb:338:in `call'
  actionpack (3.2.6) lib/action_dispatch/middleware/callbacks.rb:28:in `block in call'
  activesupport (3.2.6) lib/active_support/callbacks.rb:405:in `_run__138149470__call__80152729__callbacks'
  activesupport (3.2.6) lib/active_support/callbacks.rb:405:in `__run_callback'
  activesupport (3.2.6) lib/active_support/callbacks.rb:385:in `_run_call_callbacks'
  activesupport (3.2.6) lib/active_support/callbacks.rb:81:in `run_callbacks'
  actionpack (3.2.6) lib/action_dispatch/middleware/callbacks.rb:27:in `call'
  actionpack (3.2.6) lib/action_dispatch/middleware/reloader.rb:65:in `call'
  actionpack (3.2.6) lib/action_dispatch/middleware/remote_ip.rb:31:in `call'
  actionpack (3.2.6) lib/action_dispatch/middleware/debug_exceptions.rb:16:in `call'
  actionpack (3.2.6) lib/action_dispatch/middleware/show_exceptions.rb:56:in `call'
  railties (3.2.6) lib/rails/rack/logger.rb:26:in `call_app'
  railties (3.2.6) lib/rails/rack/logger.rb:16:in `call'
  actionpack (3.2.6) lib/action_dispatch/middleware/request_id.rb:22:in `call'
  rack (1.4.1) lib/rack/methodoverride.rb:21:in `call'
  rack (1.4.1) lib/rack/runtime.rb:17:in `call'
  activesupport (3.2.6) lib/active_support/cache/strategy/local_cache.rb:72:in `call'
  rack (1.4.1) lib/rack/lock.rb:15:in `call'
  actionpack (3.2.6) lib/action_dispatch/middleware/static.rb:62:in `call'
  railties (3.2.6) lib/rails/engine.rb:479:in `call'
  railties (3.2.6) lib/rails/application.rb:220:in `call'
  rack (1.4.1) lib/rack/content_length.rb:14:in `call'
  railties (3.2.6) lib/rails/rack/log_tailer.rb:17:in `call'
  rack (1.4.1) lib/rack/handler/webrick.rb:59:in `service'
  /home/kraken/.rvm/rubies/ruby-1.9.3-p0/lib/ruby/1.9.1/webrick/httpserver.rb:138:in `service'
  /home/kraken/.rvm/rubies/ruby-1.9.3-p0/lib/ruby/1.9.1/webrick/httpserver.rb:94:in `run'
  /home/kraken/.rvm/rubies/ruby-1.9.3-p0/lib/ruby/1.9.1/webrick/server.rb:191:in `block in start_thread'


  Rendered /home/kraken/.rvm/gems/ruby-1.9.3-p0/gems/actionpack-3.2.6/lib/action_dispatch/middleware/templates/rescues/routing_error.erb within rescues/layout (7.8ms)


Started GET "/" for 127.0.0.1 at 2012-07-22 00:22:07 +0300
Processing by TasksController#index as HTML
Completed 500 Internal Server Error in 2ms

NameError (uninitialized constant TasksController::Task):
  app/controllers/tasks_controller.rb:5:in `index'


  Rendered /home/kraken/.rvm/gems/ruby-1.9.3-p0/gems/actionpack-3.2.6/lib/action_dispatch/middleware/templates/rescues/_trace.erb (5.2ms)
  Rendered /home/kraken/.rvm/gems/ruby-1.9.3-p0/gems/actionpack-3.2.6/lib/action_dispatch/middleware/templates/rescues/_request_and_response.erb (1.7ms)
  Rendered /home/kraken/.rvm/gems/ruby-1.9.3-p0/gems/actionpack-3.2.6/lib/action_dispatch/middleware/templates/rescues/diagnostics.erb within rescues/layout (15.9ms)


Started GET "/" for 127.0.0.1 at 2012-07-22 00:22:08 +0300
Processing by TasksController#index as */*
Completed 500 Internal Server Error in 1ms

NameError (uninitialized constant TasksController::Task):
  app/controllers/tasks_controller.rb:5:in `index'


  Rendered /home/kraken/.rvm/gems/ruby-1.9.3-p0/gems/actionpack-3.2.6/lib/action_dispatch/middleware/templates/rescues/_trace.erb (6.4ms)
  Rendered /home/kraken/.rvm/gems/ruby-1.9.3-p0/gems/actionpack-3.2.6/lib/action_dispatch/middleware/templates/rescues/_request_and_response.erb (1.7ms)
  Rendered /home/kraken/.rvm/gems/ruby-1.9.3-p0/gems/actionpack-3.2.6/lib/action_dispatch/middleware/templates/rescues/diagnostics.erb within rescues/layout (19.1ms)


Started GET "/" for 127.0.0.1 at 2012-07-22 00:23:28 +0300

ActionController::RoutingError (uninitialized constant Task::Mongoid):
  app/models/task.rb:2:in `<class:Task>'
  app/models/task.rb:1:in `<top (required)>'
  app/controllers/tasks_controller.rb:1:in `<top (required)>'


  Rendered /home/kraken/.rvm/gems/ruby-1.9.3-p0/gems/actionpack-3.2.6/lib/action_dispatch/middleware/templates/rescues/routing_error.erb within rescues/layout (0.9ms)


Started GET "/" for 127.0.0.1 at 2012-07-22 00:23:28 +0300

NoMethodError (undefined method `key?' for nil:NilClass):
  actionpack (3.2.6) lib/action_controller/metal/hide_actions.rb:36:in `visible_action?'
  actionpack (3.2.6) lib/action_controller/metal/hide_actions.rb:18:in `method_for_action'
  actionpack (3.2.6) lib/action_controller/metal/implicit_render.rb:14:in `method_for_action'
  actionpack (3.2.6) lib/action_controller/metal/compatibility.rb:61:in `method_for_action'
  actionpack (3.2.6) lib/abstract_controller/base.rb:115:in `process'
  actionpack (3.2.6) lib/abstract_controller/rendering.rb:45:in `process'
  actionpack (3.2.6) lib/action_controller/metal.rb:203:in `dispatch'
  actionpack (3.2.6) lib/action_controller/metal/rack_delegation.rb:14:in `dispatch'
  actionpack (3.2.6) lib/action_controller/metal.rb:246:in `block in action'
  actionpack (3.2.6) lib/action_dispatch/routing/route_set.rb:73:in `call'
  actionpack (3.2.6) lib/action_dispatch/routing/route_set.rb:73:in `dispatch'
  actionpack (3.2.6) lib/action_dispatch/routing/route_set.rb:36:in `call'
  journey (1.0.4) lib/journey/router.rb:68:in `block in call'
  journey (1.0.4) lib/journey/router.rb:56:in `each'
  journey (1.0.4) lib/journey/router.rb:56:in `call'
  actionpack (3.2.6) lib/action_dispatch/routing/route_set.rb:600:in `call'
  actionpack (3.2.6) lib/action_dispatch/middleware/best_standards_support.rb:17:in `call'
  rack (1.4.1) lib/rack/etag.rb:23:in `call'
  rack (1.4.1) lib/rack/conditionalget.rb:25:in `call'
  actionpack (3.2.6) lib/action_dispatch/middleware/head.rb:14:in `call'
  actionpack (3.2.6) lib/action_dispatch/middleware/params_parser.rb:21:in `call'
  actionpack (3.2.6) lib/action_dispatch/middleware/flash.rb:242:in `call'
  rack (1.4.1) lib/rack/session/abstract/id.rb:205:in `context'
  rack (1.4.1) lib/rack/session/abstract/id.rb:200:in `call'
  actionpack (3.2.6) lib/action_dispatch/middleware/cookies.rb:338:in `call'
  actionpack (3.2.6) lib/action_dispatch/middleware/callbacks.rb:28:in `block in call'
  activesupport (3.2.6) lib/active_support/callbacks.rb:405:in `_run__138149470__call__80152729__callbacks'
  activesupport (3.2.6) lib/active_support/callbacks.rb:405:in `__run_callback'
  activesupport (3.2.6) lib/active_support/callbacks.rb:385:in `_run_call_callbacks'
  activesupport (3.2.6) lib/active_support/callbacks.rb:81:in `run_callbacks'
  actionpack (3.2.6) lib/action_dispatch/middleware/callbacks.rb:27:in `call'
  actionpack (3.2.6) lib/action_dispatch/middleware/reloader.rb:65:in `call'
  actionpack (3.2.6) lib/action_dispatch/middleware/remote_ip.rb:31:in `call'
  actionpack (3.2.6) lib/action_dispatch/middleware/debug_exceptions.rb:16:in `call'
  actionpack (3.2.6) lib/action_dispatch/middleware/show_exceptions.rb:56:in `call'
  railties (3.2.6) lib/rails/rack/logger.rb:26:in `call_app'
  railties (3.2.6) lib/rails/rack/logger.rb:16:in `call'
  actionpack (3.2.6) lib/action_dispatch/middleware/request_id.rb:22:in `call'
  rack (1.4.1) lib/rack/methodoverride.rb:21:in `call'
  rack (1.4.1) lib/rack/runtime.rb:17:in `call'
  activesupport (3.2.6) lib/active_support/cache/strategy/local_cache.rb:72:in `call'
  rack (1.4.1) lib/rack/lock.rb:15:in `call'
  actionpack (3.2.6) lib/action_dispatch/middleware/static.rb:62:in `call'
  railties (3.2.6) lib/rails/engine.rb:479:in `call'
  railties (3.2.6) lib/rails/application.rb:220:in `call'
  rack (1.4.1) lib/rack/content_length.rb:14:in `call'
  railties (3.2.6) lib/rails/rack/log_tailer.rb:17:in `call'
  rack (1.4.1) lib/rack/handler/webrick.rb:59:in `service'
  /home/kraken/.rvm/rubies/ruby-1.9.3-p0/lib/ruby/1.9.1/webrick/httpserver.rb:138:in `service'
  /home/kraken/.rvm/rubies/ruby-1.9.3-p0/lib/ruby/1.9.1/webrick/httpserver.rb:94:in `run'
  /home/kraken/.rvm/rubies/ruby-1.9.3-p0/lib/ruby/1.9.1/webrick/server.rb:191:in `block in start_thread'


  Rendered /home/kraken/.rvm/gems/ruby-1.9.3-p0/gems/actionpack-3.2.6/lib/action_dispatch/middleware/templates/rescues/_trace.erb (11.0ms)
  Rendered /home/kraken/.rvm/gems/ruby-1.9.3-p0/gems/actionpack-3.2.6/lib/action_dispatch/middleware/templates/rescues/_request_and_response.erb (1.7ms)
  Rendered /home/kraken/.rvm/gems/ruby-1.9.3-p0/gems/actionpack-3.2.6/lib/action_dispatch/middleware/templates/rescues/diagnostics.erb within rescues/layout (41.2ms)


Started GET "/" for 127.0.0.1 at 2012-07-22 00:24:16 +0300

ActionController::RoutingError (uninitialized constant Task::Mongoid):
  app/models/task.rb:2:in `<class:Task>'
  app/models/task.rb:1:in `<top (required)>'
  app/controllers/tasks_controller.rb:1:in `<top (required)>'


  Rendered /home/kraken/.rvm/gems/ruby-1.9.3-p0/gems/actionpack-3.2.6/lib/action_dispatch/middleware/templates/rescues/routing_error.erb within rescues/layout (3.1ms)


Started GET "/" for 127.0.0.1 at 2012-07-22 00:24:17 +0300

NoMethodError (undefined method `key?' for nil:NilClass):
  actionpack (3.2.6) lib/action_controller/metal/hide_actions.rb:36:in `visible_action?'
  actionpack (3.2.6) lib/action_controller/metal/hide_actions.rb:18:in `method_for_action'
  actionpack (3.2.6) lib/action_controller/metal/implicit_render.rb:14:in `method_for_action'
  actionpack (3.2.6) lib/action_controller/metal/compatibility.rb:61:in `method_for_action'
  actionpack (3.2.6) lib/abstract_controller/base.rb:115:in `process'
  actionpack (3.2.6) lib/abstract_controller/rendering.rb:45:in `process'
  actionpack (3.2.6) lib/action_controller/metal.rb:203:in `dispatch'
  actionpack (3.2.6) lib/action_controller/metal/rack_delegation.rb:14:in `dispatch'
  actionpack (3.2.6) lib/action_controller/metal.rb:246:in `block in action'
  actionpack (3.2.6) lib/action_dispatch/routing/route_set.rb:73:in `call'
  actionpack (3.2.6) lib/action_dispatch/routing/route_set.rb:73:in `dispatch'
  actionpack (3.2.6) lib/action_dispatch/routing/route_set.rb:36:in `call'
  journey (1.0.4) lib/journey/router.rb:68:in `block in call'
  journey (1.0.4) lib/journey/router.rb:56:in `each'
  journey (1.0.4) lib/journey/router.rb:56:in `call'
  actionpack (3.2.6) lib/action_dispatch/routing/route_set.rb:600:in `call'
  actionpack (3.2.6) lib/action_dispatch/middleware/best_standards_support.rb:17:in `call'
  rack (1.4.1) lib/rack/etag.rb:23:in `call'
  rack (1.4.1) lib/rack/conditionalget.rb:25:in `call'
  actionpack (3.2.6) lib/action_dispatch/middleware/head.rb:14:in `call'
  actionpack (3.2.6) lib/action_dispatch/middleware/params_parser.rb:21:in `call'
  actionpack (3.2.6) lib/action_dispatch/middleware/flash.rb:242:in `call'
  rack (1.4.1) lib/rack/session/abstract/id.rb:205:in `context'
  rack (1.4.1) lib/rack/session/abstract/id.rb:200:in `call'
  actionpack (3.2.6) lib/action_dispatch/middleware/cookies.rb:338:in `call'
  actionpack (3.2.6) lib/action_dispatch/middleware/callbacks.rb:28:in `block in call'
  activesupport (3.2.6) lib/active_support/callbacks.rb:405:in `_run__132624237__call__930803732__callbacks'
  activesupport (3.2.6) lib/active_support/callbacks.rb:405:in `__run_callback'
  activesupport (3.2.6) lib/active_support/callbacks.rb:385:in `_run_call_callbacks'
  activesupport (3.2.6) lib/active_support/callbacks.rb:81:in `run_callbacks'
  actionpack (3.2.6) lib/action_dispatch/middleware/callbacks.rb:27:in `call'
  actionpack (3.2.6) lib/action_dispatch/middleware/reloader.rb:65:in `call'
  actionpack (3.2.6) lib/action_dispatch/middleware/remote_ip.rb:31:in `call'
  actionpack (3.2.6) lib/action_dispatch/middleware/debug_exceptions.rb:16:in `call'
  actionpack (3.2.6) lib/action_dispatch/middleware/show_exceptions.rb:56:in `call'
  railties (3.2.6) lib/rails/rack/logger.rb:26:in `call_app'
  railties (3.2.6) lib/rails/rack/logger.rb:16:in `call'
  actionpack (3.2.6) lib/action_dispatch/middleware/request_id.rb:22:in `call'
  rack (1.4.1) lib/rack/methodoverride.rb:21:in `call'
  rack (1.4.1) lib/rack/runtime.rb:17:in `call'
  activesupport (3.2.6) lib/active_support/cache/strategy/local_cache.rb:72:in `call'
  rack (1.4.1) lib/rack/lock.rb:15:in `call'
  actionpack (3.2.6) lib/action_dispatch/middleware/static.rb:62:in `call'
  railties (3.2.6) lib/rails/engine.rb:479:in `call'
  railties (3.2.6) lib/rails/application.rb:220:in `call'
  rack (1.4.1) lib/rack/content_length.rb:14:in `call'
  railties (3.2.6) lib/rails/rack/log_tailer.rb:17:in `call'
  rack (1.4.1) lib/rack/handler/webrick.rb:59:in `service'
  /home/kraken/.rvm/rubies/ruby-1.9.3-p0/lib/ruby/1.9.1/webrick/httpserver.rb:138:in `service'
  /home/kraken/.rvm/rubies/ruby-1.9.3-p0/lib/ruby/1.9.1/webrick/httpserver.rb:94:in `run'
  /home/kraken/.rvm/rubies/ruby-1.9.3-p0/lib/ruby/1.9.1/webrick/server.rb:191:in `block in start_thread'


  Rendered /home/kraken/.rvm/gems/ruby-1.9.3-p0/gems/actionpack-3.2.6/lib/action_dispatch/middleware/templates/rescues/_trace.erb (12.9ms)
  Rendered /home/kraken/.rvm/gems/ruby-1.9.3-p0/gems/actionpack-3.2.6/lib/action_dispatch/middleware/templates/rescues/_request_and_response.erb (44.3ms)
  Rendered /home/kraken/.rvm/gems/ruby-1.9.3-p0/gems/actionpack-3.2.6/lib/action_dispatch/middleware/templates/rescues/diagnostics.erb within rescues/layout (71.4ms)


Started GET "/" for 127.0.0.1 at 2012-07-22 00:26:43 +0300
Processing by TasksController#index as HTML
  MOPED: 127.0.0.1:27017 COMMAND      database=admin command={:ismaster=>1} (0.7851ms)
  MOPED: 127.0.0.1:27017 QUERY        database=dummy_development collection=tasks selector={} flags=[] limit=0 skip=0 fields=nil (0.3002ms)
  Rendered tasks/index.html.erb within layouts/application (6.7ms)
Completed 200 OK in 44ms (Views: 43.1ms)


Started GET "/" for 127.0.0.1 at 2012-07-22 00:26:43 +0300
Processing by TasksController#index as */*
  MOPED: 127.0.0.1:27017 QUERY        database=dummy_development collection=tasks selector={} flags=[] limit=0 skip=0 fields=nil (0.3498ms)
  Rendered tasks/index.html.erb within layouts/application (1.4ms)
Completed 200 OK in 14ms (Views: 13.6ms)


Started GET "/javascripts/application.js" for 127.0.0.1 at 2012-07-22 00:26:43 +0300

ActionController::RoutingError (No route matches [GET] "/javascripts/application.js"):
  actionpack (3.2.6) lib/action_dispatch/middleware/debug_exceptions.rb:21:in `call'
  actionpack (3.2.6) lib/action_dispatch/middleware/show_exceptions.rb:56:in `call'
  railties (3.2.6) lib/rails/rack/logger.rb:26:in `call_app'
  railties (3.2.6) lib/rails/rack/logger.rb:16:in `call'
  actionpack (3.2.6) lib/action_dispatch/middleware/request_id.rb:22:in `call'
  rack (1.4.1) lib/rack/methodoverride.rb:21:in `call'
  rack (1.4.1) lib/rack/runtime.rb:17:in `call'
  activesupport (3.2.6) lib/active_support/cache/strategy/local_cache.rb:72:in `call'
  rack (1.4.1) lib/rack/lock.rb:15:in `call'
  actionpack (3.2.6) lib/action_dispatch/middleware/static.rb:62:in `call'
  railties (3.2.6) lib/rails/engine.rb:479:in `call'
  railties (3.2.6) lib/rails/application.rb:220:in `call'
  rack (1.4.1) lib/rack/content_length.rb:14:in `call'
  railties (3.2.6) lib/rails/rack/log_tailer.rb:17:in `call'
  rack (1.4.1) lib/rack/handler/webrick.rb:59:in `service'
  /home/kraken/.rvm/rubies/ruby-1.9.3-p0/lib/ruby/1.9.1/webrick/httpserver.rb:138:in `service'
  /home/kraken/.rvm/rubies/ruby-1.9.3-p0/lib/ruby/1.9.1/webrick/httpserver.rb:94:in `run'
  /home/kraken/.rvm/rubies/ruby-1.9.3-p0/lib/ruby/1.9.1/webrick/server.rb:191:in `block in start_thread'


  Rendered /home/kraken/.rvm/gems/ruby-1.9.3-p0/gems/actionpack-3.2.6/lib/action_dispatch/middleware/templates/rescues/routing_error.erb within rescues/layout (0.9ms)


Started GET "/stylesheets/application.css" for 127.0.0.1 at 2012-07-22 00:26:43 +0300

ActionController::RoutingError (No route matches [GET] "/stylesheets/application.css"):
  actionpack (3.2.6) lib/action_dispatch/middleware/debug_exceptions.rb:21:in `call'
  actionpack (3.2.6) lib/action_dispatch/middleware/show_exceptions.rb:56:in `call'
  railties (3.2.6) lib/rails/rack/logger.rb:26:in `call_app'
  railties (3.2.6) lib/rails/rack/logger.rb:16:in `call'
  actionpack (3.2.6) lib/action_dispatch/middleware/request_id.rb:22:in `call'
  rack (1.4.1) lib/rack/methodoverride.rb:21:in `call'
  rack (1.4.1) lib/rack/runtime.rb:17:in `call'
  activesupport (3.2.6) lib/active_support/cache/strategy/local_cache.rb:72:in `call'
  rack (1.4.1) lib/rack/lock.rb:15:in `call'
  actionpack (3.2.6) lib/action_dispatch/middleware/static.rb:62:in `call'
  railties (3.2.6) lib/rails/engine.rb:479:in `call'
  railties (3.2.6) lib/rails/application.rb:220:in `call'
  rack (1.4.1) lib/rack/content_length.rb:14:in `call'
  railties (3.2.6) lib/rails/rack/log_tailer.rb:17:in `call'
  rack (1.4.1) lib/rack/handler/webrick.rb:59:in `service'
  /home/kraken/.rvm/rubies/ruby-1.9.3-p0/lib/ruby/1.9.1/webrick/httpserver.rb:138:in `service'
  /home/kraken/.rvm/rubies/ruby-1.9.3-p0/lib/ruby/1.9.1/webrick/httpserver.rb:94:in `run'
  /home/kraken/.rvm/rubies/ruby-1.9.3-p0/lib/ruby/1.9.1/webrick/server.rb:191:in `block in start_thread'


  Rendered /home/kraken/.rvm/gems/ruby-1.9.3-p0/gems/actionpack-3.2.6/lib/action_dispatch/middleware/templates/rescues/routing_error.erb within rescues/layout (0.9ms)


Started GET "/" for 127.0.0.1 at 2012-07-22 00:26:53 +0300
Processing by TasksController#index as HTML
  MOPED: 127.0.0.1:27017 COMMAND      database=admin command={:ismaster=>1} (0.7422ms)
  MOPED: 127.0.0.1:27017 QUERY        database=dummy_development collection=tasks selector={} flags=[] limit=0 skip=0 fields=nil (0.2439ms)
  Rendered tasks/index.html.erb within layouts/application (2.6ms)
Completed 200 OK in 7ms (Views: 6.6ms)


Started GET "/" for 127.0.0.1 at 2012-07-22 00:26:53 +0300
Processing by TasksController#index as */*
  MOPED: 127.0.0.1:27017 COMMAND      database=admin command={:ismaster=>1} (0.8810ms)
  MOPED: 127.0.0.1:27017 QUERY        database=dummy_development collection=tasks selector={} flags=[] limit=0 skip=0 fields=nil (0.2568ms)
  Rendered tasks/index.html.erb within layouts/application (2.8ms)
Completed 200 OK in 7ms (Views: 6.7ms)


Started GET "/stylesheets/application.css" for 127.0.0.1 at 2012-07-22 00:26:53 +0300

ActionController::RoutingError (No route matches [GET] "/stylesheets/application.css"):
  actionpack (3.2.6) lib/action_dispatch/middleware/debug_exceptions.rb:21:in `call'
  actionpack (3.2.6) lib/action_dispatch/middleware/show_exceptions.rb:56:in `call'
  railties (3.2.6) lib/rails/rack/logger.rb:26:in `call_app'
  railties (3.2.6) lib/rails/rack/logger.rb:16:in `call'
  actionpack (3.2.6) lib/action_dispatch/middleware/request_id.rb:22:in `call'
  rack (1.4.1) lib/rack/methodoverride.rb:21:in `call'
  rack (1.4.1) lib/rack/runtime.rb:17:in `call'
  activesupport (3.2.6) lib/active_support/cache/strategy/local_cache.rb:72:in `call'
  rack (1.4.1) lib/rack/lock.rb:15:in `call'
  actionpack (3.2.6) lib/action_dispatch/middleware/static.rb:62:in `call'
  railties (3.2.6) lib/rails/engine.rb:479:in `call'
  railties (3.2.6) lib/rails/application.rb:220:in `call'
  rack (1.4.1) lib/rack/content_length.rb:14:in `call'
  railties (3.2.6) lib/rails/rack/log_tailer.rb:17:in `call'
  rack (1.4.1) lib/rack/handler/webrick.rb:59:in `service'
  /home/kraken/.rvm/rubies/ruby-1.9.3-p0/lib/ruby/1.9.1/webrick/httpserver.rb:138:in `service'
  /home/kraken/.rvm/rubies/ruby-1.9.3-p0/lib/ruby/1.9.1/webrick/httpserver.rb:94:in `run'
  /home/kraken/.rvm/rubies/ruby-1.9.3-p0/lib/ruby/1.9.1/webrick/server.rb:191:in `block in start_thread'


  Rendered /home/kraken/.rvm/gems/ruby-1.9.3-p0/gems/actionpack-3.2.6/lib/action_dispatch/middleware/templates/rescues/routing_error.erb within rescues/layout (0.9ms)


Started GET "/javascripts/application.js" for 127.0.0.1 at 2012-07-22 00:26:53 +0300

ActionController::RoutingError (No route matches [GET] "/javascripts/application.js"):
  actionpack (3.2.6) lib/action_dispatch/middleware/debug_exceptions.rb:21:in `call'
  actionpack (3.2.6) lib/action_dispatch/middleware/show_exceptions.rb:56:in `call'
  railties (3.2.6) lib/rails/rack/logger.rb:26:in `call_app'
  railties (3.2.6) lib/rails/rack/logger.rb:16:in `call'
  actionpack (3.2.6) lib/action_dispatch/middleware/request_id.rb:22:in `call'
  rack (1.4.1) lib/rack/methodoverride.rb:21:in `call'
  rack (1.4.1) lib/rack/runtime.rb:17:in `call'
  activesupport (3.2.6) lib/active_support/cache/strategy/local_cache.rb:72:in `call'
  rack (1.4.1) lib/rack/lock.rb:15:in `call'
  actionpack (3.2.6) lib/action_dispatch/middleware/static.rb:62:in `call'
  railties (3.2.6) lib/rails/engine.rb:479:in `call'
  railties (3.2.6) lib/rails/application.rb:220:in `call'
  rack (1.4.1) lib/rack/content_length.rb:14:in `call'
  railties (3.2.6) lib/rails/rack/log_tailer.rb:17:in `call'
  rack (1.4.1) lib/rack/handler/webrick.rb:59:in `service'
  /home/kraken/.rvm/rubies/ruby-1.9.3-p0/lib/ruby/1.9.1/webrick/httpserver.rb:138:in `service'
  /home/kraken/.rvm/rubies/ruby-1.9.3-p0/lib/ruby/1.9.1/webrick/httpserver.rb:94:in `run'
  /home/kraken/.rvm/rubies/ruby-1.9.3-p0/lib/ruby/1.9.1/webrick/server.rb:191:in `block in start_thread'


  Rendered /home/kraken/.rvm/gems/ruby-1.9.3-p0/gems/actionpack-3.2.6/lib/action_dispatch/middleware/templates/rescues/routing_error.erb within rescues/layout (0.9ms)


Started GET "/tasks/new" for 127.0.0.1 at 2012-07-22 00:26:54 +0300
Processing by TasksController#new as HTML
  Rendered tasks/_form.html.erb (16.1ms)
  Rendered tasks/new.html.erb within layouts/application (30.0ms)
Completed 200 OK in 35ms (Views: 33.5ms)


Started GET "/tasks/new" for 127.0.0.1 at 2012-07-22 00:26:54 +0300
Processing by TasksController#new as */*
  Rendered tasks/_form.html.erb (2.7ms)
  Rendered tasks/new.html.erb within layouts/application (4.0ms)
Completed 200 OK in 11ms (Views: 10.4ms)


Started GET "/stylesheets/application.css" for 127.0.0.1 at 2012-07-22 00:26:54 +0300

ActionController::RoutingError (No route matches [GET] "/stylesheets/application.css"):
  actionpack (3.2.6) lib/action_dispatch/middleware/debug_exceptions.rb:21:in `call'
  actionpack (3.2.6) lib/action_dispatch/middleware/show_exceptions.rb:56:in `call'
  railties (3.2.6) lib/rails/rack/logger.rb:26:in `call_app'
  railties (3.2.6) lib/rails/rack/logger.rb:16:in `call'
  actionpack (3.2.6) lib/action_dispatch/middleware/request_id.rb:22:in `call'
  rack (1.4.1) lib/rack/methodoverride.rb:21:in `call'
  rack (1.4.1) lib/rack/runtime.rb:17:in `call'
  activesupport (3.2.6) lib/active_support/cache/strategy/local_cache.rb:72:in `call'
  rack (1.4.1) lib/rack/lock.rb:15:in `call'
  actionpack (3.2.6) lib/action_dispatch/middleware/static.rb:62:in `call'
  railties (3.2.6) lib/rails/engine.rb:479:in `call'
  railties (3.2.6) lib/rails/application.rb:220:in `call'
  rack (1.4.1) lib/rack/content_length.rb:14:in `call'
  railties (3.2.6) lib/rails/rack/log_tailer.rb:17:in `call'
  rack (1.4.1) lib/rack/handler/webrick.rb:59:in `service'
  /home/kraken/.rvm/rubies/ruby-1.9.3-p0/lib/ruby/1.9.1/webrick/httpserver.rb:138:in `service'
  /home/kraken/.rvm/rubies/ruby-1.9.3-p0/lib/ruby/1.9.1/webrick/httpserver.rb:94:in `run'
  /home/kraken/.rvm/rubies/ruby-1.9.3-p0/lib/ruby/1.9.1/webrick/server.rb:191:in `block in start_thread'


  Rendered /home/kraken/.rvm/gems/ruby-1.9.3-p0/gems/actionpack-3.2.6/lib/action_dispatch/middleware/templates/rescues/routing_error.erb within rescues/layout (1.0ms)


Started GET "/javascripts/application.js" for 127.0.0.1 at 2012-07-22 00:26:54 +0300

ActionController::RoutingError (No route matches [GET] "/javascripts/application.js"):
  actionpack (3.2.6) lib/action_dispatch/middleware/debug_exceptions.rb:21:in `call'
  actionpack (3.2.6) lib/action_dispatch/middleware/show_exceptions.rb:56:in `call'
  railties (3.2.6) lib/rails/rack/logger.rb:26:in `call_app'
  railties (3.2.6) lib/rails/rack/logger.rb:16:in `call'
  actionpack (3.2.6) lib/action_dispatch/middleware/request_id.rb:22:in `call'
  rack (1.4.1) lib/rack/methodoverride.rb:21:in `call'
  rack (1.4.1) lib/rack/runtime.rb:17:in `call'
  activesupport (3.2.6) lib/active_support/cache/strategy/local_cache.rb:72:in `call'
  rack (1.4.1) lib/rack/lock.rb:15:in `call'
  actionpack (3.2.6) lib/action_dispatch/middleware/static.rb:62:in `call'
  railties (3.2.6) lib/rails/engine.rb:479:in `call'
  railties (3.2.6) lib/rails/application.rb:220:in `call'
  rack (1.4.1) lib/rack/content_length.rb:14:in `call'
  railties (3.2.6) lib/rails/rack/log_tailer.rb:17:in `call'
  rack (1.4.1) lib/rack/handler/webrick.rb:59:in `service'
  /home/kraken/.rvm/rubies/ruby-1.9.3-p0/lib/ruby/1.9.1/webrick/httpserver.rb:138:in `service'
  /home/kraken/.rvm/rubies/ruby-1.9.3-p0/lib/ruby/1.9.1/webrick/httpserver.rb:94:in `run'
  /home/kraken/.rvm/rubies/ruby-1.9.3-p0/lib/ruby/1.9.1/webrick/server.rb:191:in `block in start_thread'


  Rendered /home/kraken/.rvm/gems/ruby-1.9.3-p0/gems/actionpack-3.2.6/lib/action_dispatch/middleware/templates/rescues/routing_error.erb within rescues/layout (1.0ms)


Started POST "/tasks" for 127.0.0.1 at 2012-07-22 00:26:59 +0300
Processing by TasksController#create as HTML
  Parameters: {"utf8"=>"✓", "authenticity_token"=>"z6zkAQ7CSKeMWJcsgYb0ntsm/Yi0IJlfkFO2zQXihjg=", "task"=>{"name"=>"new task"}, "commit"=>"Create Task"}
  MOPED: 127.0.0.1:27017 COMMAND      database=admin command={:ismaster=>1} (4.4436ms)
  MOPED: 127.0.0.1:27017 COMMAND      database=dummy_development command={:count=>:tasks, :query=>{"slug"=>"new-task"}} (0.3631ms)
  MOPED: 127.0.0.1:27017 COMMAND      database=dummy_development command={:count=>:tasks, :query=>{"slug"=>"new-task"}} (0.4945ms)
  MOPED: 127.0.0.1:27017 INSERT       database=dummy_development collection=tasks documents=[{"_id"=>"500b1ea37f8ee3cf17000001", "name"=>"new task", "slug"=>"new-task"}] flags=[] (0.1900ms)
Redirected to http://0.0.0.0:3000/tasks/new-task
Completed 302 Found in 180ms


Started GET "/tasks/new-task" for 127.0.0.1 at 2012-07-22 00:26:59 +0300
Processing by TasksController#show as HTML
  Parameters: {"id"=>"new-task"}
  MOPED: 127.0.0.1:27017 QUERY        database=dummy_development collection=tasks selector={"_id"=>"new-task"} flags=[] limit=0 skip=0 fields=nil (417.6991ms)
Completed 500 Internal Server Error in 421ms

Mongoid::Errors::DocumentNotFound (
Problem:
  Document(s) not found for class Task with id(s) new-task.
Summary:
  When calling Task.find with an id or array of ids, each parameter must match a document in the database or this error will be raised. The search was for the id(s): new-task ... (1 total) and the following ids were not found: new-task.
Resolution:
  Search for an id that is in the database or set the Mongoid.raise_not_found_error configuration option to false, which will cause a nil to be returned instead of raising this error when searching for a single id, or only the matched documents when searching for multiples.):
  app/controllers/tasks_controller.rb:16:in `show'


  Rendered /home/kraken/.rvm/gems/ruby-1.9.3-p0/gems/actionpack-3.2.6/lib/action_dispatch/middleware/templates/rescues/_trace.erb (5.9ms)
  Rendered /home/kraken/.rvm/gems/ruby-1.9.3-p0/gems/actionpack-3.2.6/lib/action_dispatch/middleware/templates/rescues/_request_and_response.erb (2.1ms)
  Rendered /home/kraken/.rvm/gems/ruby-1.9.3-p0/gems/actionpack-3.2.6/lib/action_dispatch/middleware/templates/rescues/diagnostics.erb within rescues/layout (25.8ms)


Started GET "/tasks/new-task" for 127.0.0.1 at 2012-07-22 00:27:00 +0300
Processing by TasksController#show as */*
  Parameters: {"id"=>"new-task"}
  MOPED: 127.0.0.1:27017 QUERY        database=dummy_development collection=tasks selector={"_id"=>"new-task"} flags=[] limit=0 skip=0 fields=nil (0.5405ms)
Completed 500 Internal Server Error in 3ms

Mongoid::Errors::DocumentNotFound (
Problem:
  Document(s) not found for class Task with id(s) new-task.
Summary:
  When calling Task.find with an id or array of ids, each parameter must match a document in the database or this error will be raised. The search was for the id(s): new-task ... (1 total) and the following ids were not found: new-task.
Resolution:
  Search for an id that is in the database or set the Mongoid.raise_not_found_error configuration option to false, which will cause a nil to be returned instead of raising this error when searching for a single id, or only the matched documents when searching for multiples.):
  app/controllers/tasks_controller.rb:16:in `show'


  Rendered /home/kraken/.rvm/gems/ruby-1.9.3-p0/gems/actionpack-3.2.6/lib/action_dispatch/middleware/templates/rescues/_trace.erb (5.5ms)
  Rendered /home/kraken/.rvm/gems/ruby-1.9.3-p0/gems/actionpack-3.2.6/lib/action_dispatch/middleware/templates/rescues/_request_and_response.erb (1.8ms)
  Rendered /home/kraken/.rvm/gems/ruby-1.9.3-p0/gems/actionpack-3.2.6/lib/action_dispatch/middleware/templates/rescues/diagnostics.erb within rescues/layout (16.3ms)


Started GET "/tasks/new-task" for 127.0.0.1 at 2012-07-22 00:27:40 +0300
Processing by TasksController#show as HTML
  Parameters: {"id"=>"new-task"}
  MOPED: 127.0.0.1:27017 COMMAND      database=admin command={:ismaster=>1} (0.7939ms)
  MOPED: 127.0.0.1:27017 QUERY        database=dummy_development collection=tasks selector={"$query"=>{"slug"=>"new-task"}, "$orderby"=>{:_id=>1}} flags=[] limit=-1 skip=0 fields=nil (0.4203ms)
  Rendered tasks/show.html.erb within layouts/application (2.1ms)
Completed 200 OK in 10ms (Views: 7.1ms)


Started GET "/tasks/new-task" for 127.0.0.1 at 2012-07-22 00:27:40 +0300
Processing by TasksController#show as */*
  Parameters: {"id"=>"new-task"}
  MOPED: 127.0.0.1:27017 QUERY        database=dummy_development collection=tasks selector={"$query"=>{"slug"=>"new-task"}, "$orderby"=>{:_id=>1}} flags=[] limit=-1 skip=0 fields=nil (1.4663ms)
  Rendered tasks/show.html.erb within layouts/application (0.9ms)
Completed 200 OK in 7ms (Views: 4.3ms)


Started GET "/stylesheets/application.css" for 127.0.0.1 at 2012-07-22 00:27:40 +0300

ActionController::RoutingError (No route matches [GET] "/stylesheets/application.css"):
  actionpack (3.2.6) lib/action_dispatch/middleware/debug_exceptions.rb:21:in `call'
  actionpack (3.2.6) lib/action_dispatch/middleware/show_exceptions.rb:56:in `call'
  railties (3.2.6) lib/rails/rack/logger.rb:26:in `call_app'
  railties (3.2.6) lib/rails/rack/logger.rb:16:in `call'
  actionpack (3.2.6) lib/action_dispatch/middleware/request_id.rb:22:in `call'
  rack (1.4.1) lib/rack/methodoverride.rb:21:in `call'
  rack (1.4.1) lib/rack/runtime.rb:17:in `call'
  activesupport (3.2.6) lib/active_support/cache/strategy/local_cache.rb:72:in `call'
  rack (1.4.1) lib/rack/lock.rb:15:in `call'
  actionpack (3.2.6) lib/action_dispatch/middleware/static.rb:62:in `call'
  railties (3.2.6) lib/rails/engine.rb:479:in `call'
  railties (3.2.6) lib/rails/application.rb:220:in `call'
  rack (1.4.1) lib/rack/content_length.rb:14:in `call'
  railties (3.2.6) lib/rails/rack/log_tailer.rb:17:in `call'
  rack (1.4.1) lib/rack/handler/webrick.rb:59:in `service'
  /home/kraken/.rvm/rubies/ruby-1.9.3-p0/lib/ruby/1.9.1/webrick/httpserver.rb:138:in `service'
  /home/kraken/.rvm/rubies/ruby-1.9.3-p0/lib/ruby/1.9.1/webrick/httpserver.rb:94:in `run'
  /home/kraken/.rvm/rubies/ruby-1.9.3-p0/lib/ruby/1.9.1/webrick/server.rb:191:in `block in start_thread'


  Rendered /home/kraken/.rvm/gems/ruby-1.9.3-p0/gems/actionpack-3.2.6/lib/action_dispatch/middleware/templates/rescues/routing_error.erb within rescues/layout (1.1ms)


Started GET "/javascripts/application.js" for 127.0.0.1 at 2012-07-22 00:27:40 +0300

ActionController::RoutingError (No route matches [GET] "/javascripts/application.js"):
  actionpack (3.2.6) lib/action_dispatch/middleware/debug_exceptions.rb:21:in `call'
  actionpack (3.2.6) lib/action_dispatch/middleware/show_exceptions.rb:56:in `call'
  railties (3.2.6) lib/rails/rack/logger.rb:26:in `call_app'
  railties (3.2.6) lib/rails/rack/logger.rb:16:in `call'
  actionpack (3.2.6) lib/action_dispatch/middleware/request_id.rb:22:in `call'
  rack (1.4.1) lib/rack/methodoverride.rb:21:in `call'
  rack (1.4.1) lib/rack/runtime.rb:17:in `call'
  activesupport (3.2.6) lib/active_support/cache/strategy/local_cache.rb:72:in `call'
  rack (1.4.1) lib/rack/lock.rb:15:in `call'
  actionpack (3.2.6) lib/action_dispatch/middleware/static.rb:62:in `call'
  railties (3.2.6) lib/rails/engine.rb:479:in `call'
  railties (3.2.6) lib/rails/application.rb:220:in `call'
  rack (1.4.1) lib/rack/content_length.rb:14:in `call'
  railties (3.2.6) lib/rails/rack/log_tailer.rb:17:in `call'
  rack (1.4.1) lib/rack/handler/webrick.rb:59:in `service'
  /home/kraken/.rvm/rubies/ruby-1.9.3-p0/lib/ruby/1.9.1/webrick/httpserver.rb:138:in `service'
  /home/kraken/.rvm/rubies/ruby-1.9.3-p0/lib/ruby/1.9.1/webrick/httpserver.rb:94:in `run'
  /home/kraken/.rvm/rubies/ruby-1.9.3-p0/lib/ruby/1.9.1/webrick/server.rb:191:in `block in start_thread'


  Rendered /home/kraken/.rvm/gems/ruby-1.9.3-p0/gems/actionpack-3.2.6/lib/action_dispatch/middleware/templates/rescues/routing_error.erb within rescues/layout (0.9ms)


Started GET "/tasks" for 127.0.0.1 at 2012-07-22 00:27:43 +0300
Processing by TasksController#index as HTML
  MOPED: 127.0.0.1:27017 COMMAND      database=admin command={:ismaster=>1} (0.9625ms)
  MOPED: 127.0.0.1:27017 QUERY        database=dummy_development collection=tasks selector={} flags=[] limit=0 skip=0 fields=nil (0.3631ms)
  Rendered tasks/index.html.erb within layouts/application (7.2ms)
Completed 200 OK in 12ms (Views: 11.4ms)


Started GET "/tasks" for 127.0.0.1 at 2012-07-22 00:27:43 +0300
Processing by TasksController#index as */*
  MOPED: 127.0.0.1:27017 QUERY        database=dummy_development collection=tasks selector={} flags=[] limit=0 skip=0 fields=nil (0.4008ms)
  Rendered tasks/index.html.erb within layouts/application (3.0ms)
Completed 200 OK in 9ms (Views: 9.1ms)


Started GET "/stylesheets/application.css" for 127.0.0.1 at 2012-07-22 00:27:43 +0300

ActionController::RoutingError (No route matches [GET] "/stylesheets/application.css"):
  actionpack (3.2.6) lib/action_dispatch/middleware/debug_exceptions.rb:21:in `call'
  actionpack (3.2.6) lib/action_dispatch/middleware/show_exceptions.rb:56:in `call'
  railties (3.2.6) lib/rails/rack/logger.rb:26:in `call_app'
  railties (3.2.6) lib/rails/rack/logger.rb:16:in `call'
  actionpack (3.2.6) lib/action_dispatch/middleware/request_id.rb:22:in `call'
  rack (1.4.1) lib/rack/methodoverride.rb:21:in `call'
  rack (1.4.1) lib/rack/runtime.rb:17:in `call'
  activesupport (3.2.6) lib/active_support/cache/strategy/local_cache.rb:72:in `call'
  rack (1.4.1) lib/rack/lock.rb:15:in `call'
  actionpack (3.2.6) lib/action_dispatch/middleware/static.rb:62:in `call'
  railties (3.2.6) lib/rails/engine.rb:479:in `call'
  railties (3.2.6) lib/rails/application.rb:220:in `call'
  rack (1.4.1) lib/rack/content_length.rb:14:in `call'
  railties (3.2.6) lib/rails/rack/log_tailer.rb:17:in `call'
  rack (1.4.1) lib/rack/handler/webrick.rb:59:in `service'
  /home/kraken/.rvm/rubies/ruby-1.9.3-p0/lib/ruby/1.9.1/webrick/httpserver.rb:138:in `service'
  /home/kraken/.rvm/rubies/ruby-1.9.3-p0/lib/ruby/1.9.1/webrick/httpserver.rb:94:in `run'
  /home/kraken/.rvm/rubies/ruby-1.9.3-p0/lib/ruby/1.9.1/webrick/server.rb:191:in `block in start_thread'


  Rendered /home/kraken/.rvm/gems/ruby-1.9.3-p0/gems/actionpack-3.2.6/lib/action_dispatch/middleware/templates/rescues/routing_error.erb within rescues/layout (0.9ms)


Started GET "/javascripts/application.js" for 127.0.0.1 at 2012-07-22 00:27:43 +0300

ActionController::RoutingError (No route matches [GET] "/javascripts/application.js"):
  actionpack (3.2.6) lib/action_dispatch/middleware/debug_exceptions.rb:21:in `call'
  actionpack (3.2.6) lib/action_dispatch/middleware/show_exceptions.rb:56:in `call'
  railties (3.2.6) lib/rails/rack/logger.rb:26:in `call_app'
  railties (3.2.6) lib/rails/rack/logger.rb:16:in `call'
  actionpack (3.2.6) lib/action_dispatch/middleware/request_id.rb:22:in `call'
  rack (1.4.1) lib/rack/methodoverride.rb:21:in `call'
  rack (1.4.1) lib/rack/runtime.rb:17:in `call'
  activesupport (3.2.6) lib/active_support/cache/strategy/local_cache.rb:72:in `call'
  rack (1.4.1) lib/rack/lock.rb:15:in `call'
  actionpack (3.2.6) lib/action_dispatch/middleware/static.rb:62:in `call'
  railties (3.2.6) lib/rails/engine.rb:479:in `call'
  railties (3.2.6) lib/rails/application.rb:220:in `call'
  rack (1.4.1) lib/rack/content_length.rb:14:in `call'
  railties (3.2.6) lib/rails/rack/log_tailer.rb:17:in `call'
  rack (1.4.1) lib/rack/handler/webrick.rb:59:in `service'
  /home/kraken/.rvm/rubies/ruby-1.9.3-p0/lib/ruby/1.9.1/webrick/httpserver.rb:138:in `service'
  /home/kraken/.rvm/rubies/ruby-1.9.3-p0/lib/ruby/1.9.1/webrick/httpserver.rb:94:in `run'
  /home/kraken/.rvm/rubies/ruby-1.9.3-p0/lib/ruby/1.9.1/webrick/server.rb:191:in `block in start_thread'


  Rendered /home/kraken/.rvm/gems/ruby-1.9.3-p0/gems/actionpack-3.2.6/lib/action_dispatch/middleware/templates/rescues/routing_error.erb within rescues/layout (1.0ms)


Started GET "/tasks/new-task" for 127.0.0.1 at 2012-07-22 00:27:44 +0300
Processing by TasksController#show as HTML
  Parameters: {"id"=>"new-task"}
  MOPED: 127.0.0.1:27017 QUERY        database=dummy_development collection=tasks selector={"$query"=>{"slug"=>"new-task"}, "$orderby"=>{:_id=>1}} flags=[] limit=-1 skip=0 fields=nil (0.5999ms)
  Rendered tasks/show.html.erb within layouts/application (1.3ms)
Completed 200 OK in 7ms (Views: 5.1ms)


Started GET "/tasks/new-task" for 127.0.0.1 at 2012-07-22 00:27:44 +0300
Processing by TasksController#show as */*
  Parameters: {"id"=>"new-task"}
  MOPED: 127.0.0.1:27017 COMMAND      database=admin command={:ismaster=>1} (1.9879ms)
  MOPED: 127.0.0.1:27017 QUERY        database=dummy_development collection=tasks selector={"$query"=>{"slug"=>"new-task"}, "$orderby"=>{:_id=>1}} flags=[] limit=-1 skip=0 fields=nil (0.4678ms)
  Rendered tasks/show.html.erb within layouts/application (1.0ms)
Completed 200 OK in 11ms (Views: 6.7ms)


Started GET "/stylesheets/application.css" for 127.0.0.1 at 2012-07-22 00:27:44 +0300

ActionController::RoutingError (No route matches [GET] "/stylesheets/application.css"):
  actionpack (3.2.6) lib/action_dispatch/middleware/debug_exceptions.rb:21:in `call'
  actionpack (3.2.6) lib/action_dispatch/middleware/show_exceptions.rb:56:in `call'
  railties (3.2.6) lib/rails/rack/logger.rb:26:in `call_app'
  railties (3.2.6) lib/rails/rack/logger.rb:16:in `call'
  actionpack (3.2.6) lib/action_dispatch/middleware/request_id.rb:22:in `call'
  rack (1.4.1) lib/rack/methodoverride.rb:21:in `call'
  rack (1.4.1) lib/rack/runtime.rb:17:in `call'
  activesupport (3.2.6) lib/active_support/cache/strategy/local_cache.rb:72:in `call'
  rack (1.4.1) lib/rack/lock.rb:15:in `call'
  actionpack (3.2.6) lib/action_dispatch/middleware/static.rb:62:in `call'
  railties (3.2.6) lib/rails/engine.rb:479:in `call'
  railties (3.2.6) lib/rails/application.rb:220:in `call'
  rack (1.4.1) lib/rack/content_length.rb:14:in `call'
  railties (3.2.6) lib/rails/rack/log_tailer.rb:17:in `call'
  rack (1.4.1) lib/rack/handler/webrick.rb:59:in `service'
  /home/kraken/.rvm/rubies/ruby-1.9.3-p0/lib/ruby/1.9.1/webrick/httpserver.rb:138:in `service'
  /home/kraken/.rvm/rubies/ruby-1.9.3-p0/lib/ruby/1.9.1/webrick/httpserver.rb:94:in `run'
  /home/kraken/.rvm/rubies/ruby-1.9.3-p0/lib/ruby/1.9.1/webrick/server.rb:191:in `block in start_thread'


  Rendered /home/kraken/.rvm/gems/ruby-1.9.3-p0/gems/actionpack-3.2.6/lib/action_dispatch/middleware/templates/rescues/routing_error.erb within rescues/layout (1.0ms)


Started GET "/javascripts/application.js" for 127.0.0.1 at 2012-07-22 00:27:44 +0300

ActionController::RoutingError (No route matches [GET] "/javascripts/application.js"):
  actionpack (3.2.6) lib/action_dispatch/middleware/debug_exceptions.rb:21:in `call'
  actionpack (3.2.6) lib/action_dispatch/middleware/show_exceptions.rb:56:in `call'
  railties (3.2.6) lib/rails/rack/logger.rb:26:in `call_app'
  railties (3.2.6) lib/rails/rack/logger.rb:16:in `call'
  actionpack (3.2.6) lib/action_dispatch/middleware/request_id.rb:22:in `call'
  rack (1.4.1) lib/rack/methodoverride.rb:21:in `call'
  rack (1.4.1) lib/rack/runtime.rb:17:in `call'
  activesupport (3.2.6) lib/active_support/cache/strategy/local_cache.rb:72:in `call'
  rack (1.4.1) lib/rack/lock.rb:15:in `call'
  actionpack (3.2.6) lib/action_dispatch/middleware/static.rb:62:in `call'
  railties (3.2.6) lib/rails/engine.rb:479:in `call'
  railties (3.2.6) lib/rails/application.rb:220:in `call'
  rack (1.4.1) lib/rack/content_length.rb:14:in `call'
  railties (3.2.6) lib/rails/rack/log_tailer.rb:17:in `call'
  rack (1.4.1) lib/rack/handler/webrick.rb:59:in `service'
  /home/kraken/.rvm/rubies/ruby-1.9.3-p0/lib/ruby/1.9.1/webrick/httpserver.rb:138:in `service'
  /home/kraken/.rvm/rubies/ruby-1.9.3-p0/lib/ruby/1.9.1/webrick/httpserver.rb:94:in `run'
  /home/kraken/.rvm/rubies/ruby-1.9.3-p0/lib/ruby/1.9.1/webrick/server.rb:191:in `block in start_thread'


  Rendered /home/kraken/.rvm/gems/ruby-1.9.3-p0/gems/actionpack-3.2.6/lib/action_dispatch/middleware/templates/rescues/routing_error.erb within rescues/layout (1.1ms)


Started GET "/tasks" for 127.0.0.1 at 2012-07-22 00:33:37 +0300
Processing by TasksController#index as HTML
  MOPED: 127.0.0.1:27017 COMMAND      database=admin command={:ismaster=>1} (1.0865ms)
  MOPED: 127.0.0.1:27017 QUERY        database=dummy_development collection=tasks selector={} flags=[] limit=0 skip=0 fields=nil (0.3960ms)
  Rendered tasks/index.html.erb within layouts/application (5.3ms)
Completed 200 OK in 52ms (Views: 51.0ms)


Started GET "/tasks" for 127.0.0.1 at 2012-07-22 00:33:37 +0300
Processing by TasksController#index as */*
  MOPED: 127.0.0.1:27017 COMMAND      database=admin command={:ismaster=>1} (0.9623ms)
  MOPED: 127.0.0.1:27017 QUERY        database=dummy_development collection=tasks selector={} flags=[] limit=0 skip=0 fields=nil (0.7718ms)
  Rendered tasks/index.html.erb within layouts/application (7.4ms)
Completed 200 OK in 12ms (Views: 11.7ms)


Started GET "/tasks" for 127.0.0.1 at 2012-07-22 00:33:41 +0300
Processing by TasksController#index as HTML
  MOPED: 127.0.0.1:27017 COMMAND      database=admin command={:ismaster=>1} (0.9270ms)
  MOPED: 127.0.0.1:27017 QUERY        database=dummy_development collection=tasks selector={} flags=[] limit=0 skip=0 fields=nil (0.4289ms)
  Rendered tasks/index.html.erb within layouts/application (4.7ms)
Completed 200 OK in 9ms (Views: 8.9ms)


Started GET "/tasks" for 127.0.0.1 at 2012-07-22 00:33:41 +0300
Processing by TasksController#index as */*
  MOPED: 127.0.0.1:27017 COMMAND      database=admin command={:ismaster=>1} (0.8819ms)
  MOPED: 127.0.0.1:27017 QUERY        database=dummy_development collection=tasks selector={} flags=[] limit=0 skip=0 fields=nil (0.3853ms)
  Rendered tasks/index.html.erb within layouts/application (4.3ms)
Completed 200 OK in 15ms (Views: 13.8ms)


Started GET "/stylesheets/application.css" for 127.0.0.1 at 2012-07-22 00:33:41 +0300

ActionController::RoutingError (No route matches [GET] "/stylesheets/application.css"):
  actionpack (3.2.6) lib/action_dispatch/middleware/debug_exceptions.rb:21:in `call'
  actionpack (3.2.6) lib/action_dispatch/middleware/show_exceptions.rb:56:in `call'
  railties (3.2.6) lib/rails/rack/logger.rb:26:in `call_app'
  railties (3.2.6) lib/rails/rack/logger.rb:16:in `call'
  actionpack (3.2.6) lib/action_dispatch/middleware/request_id.rb:22:in `call'
  rack (1.4.1) lib/rack/methodoverride.rb:21:in `call'
  rack (1.4.1) lib/rack/runtime.rb:17:in `call'
  activesupport (3.2.6) lib/active_support/cache/strategy/local_cache.rb:72:in `call'
  rack (1.4.1) lib/rack/lock.rb:15:in `call'
  actionpack (3.2.6) lib/action_dispatch/middleware/static.rb:62:in `call'
  railties (3.2.6) lib/rails/engine.rb:479:in `call'
  railties (3.2.6) lib/rails/application.rb:220:in `call'
  rack (1.4.1) lib/rack/content_length.rb:14:in `call'
  railties (3.2.6) lib/rails/rack/log_tailer.rb:17:in `call'
  rack (1.4.1) lib/rack/handler/webrick.rb:59:in `service'
  /home/kraken/.rvm/rubies/ruby-1.9.3-p0/lib/ruby/1.9.1/webrick/httpserver.rb:138:in `service'
  /home/kraken/.rvm/rubies/ruby-1.9.3-p0/lib/ruby/1.9.1/webrick/httpserver.rb:94:in `run'
  /home/kraken/.rvm/rubies/ruby-1.9.3-p0/lib/ruby/1.9.1/webrick/server.rb:191:in `block in start_thread'


  Rendered /home/kraken/.rvm/gems/ruby-1.9.3-p0/gems/actionpack-3.2.6/lib/action_dispatch/middleware/templates/rescues/routing_error.erb within rescues/layout (8.2ms)


Started GET "/javascripts/application.js" for 127.0.0.1 at 2012-07-22 00:33:41 +0300

ActionController::RoutingError (No route matches [GET] "/javascripts/application.js"):
  actionpack (3.2.6) lib/action_dispatch/middleware/debug_exceptions.rb:21:in `call'
  actionpack (3.2.6) lib/action_dispatch/middleware/show_exceptions.rb:56:in `call'
  railties (3.2.6) lib/rails/rack/logger.rb:26:in `call_app'
  railties (3.2.6) lib/rails/rack/logger.rb:16:in `call'
  actionpack (3.2.6) lib/action_dispatch/middleware/request_id.rb:22:in `call'
  rack (1.4.1) lib/rack/methodoverride.rb:21:in `call'
  rack (1.4.1) lib/rack/runtime.rb:17:in `call'
  activesupport (3.2.6) lib/active_support/cache/strategy/local_cache.rb:72:in `call'
  rack (1.4.1) lib/rack/lock.rb:15:in `call'
  actionpack (3.2.6) lib/action_dispatch/middleware/static.rb:62:in `call'
  railties (3.2.6) lib/rails/engine.rb:479:in `call'
  railties (3.2.6) lib/rails/application.rb:220:in `call'
  rack (1.4.1) lib/rack/content_length.rb:14:in `call'
  railties (3.2.6) lib/rails/rack/log_tailer.rb:17:in `call'
  rack (1.4.1) lib/rack/handler/webrick.rb:59:in `service'
  /home/kraken/.rvm/rubies/ruby-1.9.3-p0/lib/ruby/1.9.1/webrick/httpserver.rb:138:in `service'
  /home/kraken/.rvm/rubies/ruby-1.9.3-p0/lib/ruby/1.9.1/webrick/httpserver.rb:94:in `run'
  /home/kraken/.rvm/rubies/ruby-1.9.3-p0/lib/ruby/1.9.1/webrick/server.rb:191:in `block in start_thread'


  Rendered /home/kraken/.rvm/gems/ruby-1.9.3-p0/gems/actionpack-3.2.6/lib/action_dispatch/middleware/templates/rescues/routing_error.erb within rescues/layout (1.0ms)


Started GET "/tasks" for 127.0.0.1 at 2012-07-22 00:33:42 +0300
Processing by TasksController#index as HTML
  MOPED: 127.0.0.1:27017 COMMAND      database=admin command={:ismaster=>1} (1.2419ms)
  MOPED: 127.0.0.1:27017 QUERY        database=dummy_development collection=tasks selector={} flags=[] limit=0 skip=0 fields=nil (0.3726ms)
  Rendered tasks/index.html.erb within layouts/application (5.3ms)
Completed 200 OK in 10ms (Views: 9.4ms)


Started GET "/tasks" for 127.0.0.1 at 2012-07-22 00:33:42 +0300
Processing by TasksController#index as */*
  MOPED: 127.0.0.1:27017 COMMAND      database=admin command={:ismaster=>1} (0.8831ms)
  MOPED: 127.0.0.1:27017 QUERY        database=dummy_development collection=tasks selector={} flags=[] limit=0 skip=0 fields=nil (0.3777ms)
  Rendered tasks/index.html.erb within layouts/application (4.3ms)
Completed 200 OK in 8ms (Views: 7.6ms)


Started GET "/stylesheets/application.css" for 127.0.0.1 at 2012-07-22 00:33:42 +0300

ActionController::RoutingError (No route matches [GET] "/stylesheets/application.css"):
  actionpack (3.2.6) lib/action_dispatch/middleware/debug_exceptions.rb:21:in `call'
  actionpack (3.2.6) lib/action_dispatch/middleware/show_exceptions.rb:56:in `call'
  railties (3.2.6) lib/rails/rack/logger.rb:26:in `call_app'
  railties (3.2.6) lib/rails/rack/logger.rb:16:in `call'
  actionpack (3.2.6) lib/action_dispatch/middleware/request_id.rb:22:in `call'
  rack (1.4.1) lib/rack/methodoverride.rb:21:in `call'
  rack (1.4.1) lib/rack/runtime.rb:17:in `call'
  activesupport (3.2.6) lib/active_support/cache/strategy/local_cache.rb:72:in `call'
  rack (1.4.1) lib/rack/lock.rb:15:in `call'
  actionpack (3.2.6) lib/action_dispatch/middleware/static.rb:62:in `call'
  railties (3.2.6) lib/rails/engine.rb:479:in `call'
  railties (3.2.6) lib/rails/application.rb:220:in `call'
  rack (1.4.1) lib/rack/content_length.rb:14:in `call'
  railties (3.2.6) lib/rails/rack/log_tailer.rb:17:in `call'
  rack (1.4.1) lib/rack/handler/webrick.rb:59:in `service'
  /home/kraken/.rvm/rubies/ruby-1.9.3-p0/lib/ruby/1.9.1/webrick/httpserver.rb:138:in `service'
  /home/kraken/.rvm/rubies/ruby-1.9.3-p0/lib/ruby/1.9.1/webrick/httpserver.rb:94:in `run'
  /home/kraken/.rvm/rubies/ruby-1.9.3-p0/lib/ruby/1.9.1/webrick/server.rb:191:in `block in start_thread'


  Rendered /home/kraken/.rvm/gems/ruby-1.9.3-p0/gems/actionpack-3.2.6/lib/action_dispatch/middleware/templates/rescues/routing_error.erb within rescues/layout (0.9ms)


Started GET "/javascripts/application.js" for 127.0.0.1 at 2012-07-22 00:33:42 +0300

ActionController::RoutingError (No route matches [GET] "/javascripts/application.js"):
  actionpack (3.2.6) lib/action_dispatch/middleware/debug_exceptions.rb:21:in `call'
  actionpack (3.2.6) lib/action_dispatch/middleware/show_exceptions.rb:56:in `call'
  railties (3.2.6) lib/rails/rack/logger.rb:26:in `call_app'
  railties (3.2.6) lib/rails/rack/logger.rb:16:in `call'
  actionpack (3.2.6) lib/action_dispatch/middleware/request_id.rb:22:in `call'
  rack (1.4.1) lib/rack/methodoverride.rb:21:in `call'
  rack (1.4.1) lib/rack/runtime.rb:17:in `call'
  activesupport (3.2.6) lib/active_support/cache/strategy/local_cache.rb:72:in `call'
  rack (1.4.1) lib/rack/lock.rb:15:in `call'
  actionpack (3.2.6) lib/action_dispatch/middleware/static.rb:62:in `call'
  railties (3.2.6) lib/rails/engine.rb:479:in `call'
  railties (3.2.6) lib/rails/application.rb:220:in `call'
  rack (1.4.1) lib/rack/content_length.rb:14:in `call'
  railties (3.2.6) lib/rails/rack/log_tailer.rb:17:in `call'
  rack (1.4.1) lib/rack/handler/webrick.rb:59:in `service'
  /home/kraken/.rvm/rubies/ruby-1.9.3-p0/lib/ruby/1.9.1/webrick/httpserver.rb:138:in `service'
  /home/kraken/.rvm/rubies/ruby-1.9.3-p0/lib/ruby/1.9.1/webrick/httpserver.rb:94:in `run'
  /home/kraken/.rvm/rubies/ruby-1.9.3-p0/lib/ruby/1.9.1/webrick/server.rb:191:in `block in start_thread'


  Rendered /home/kraken/.rvm/gems/ruby-1.9.3-p0/gems/actionpack-3.2.6/lib/action_dispatch/middleware/templates/rescues/routing_error.erb within rescues/layout (1.0ms)


Started GET "/tasks" for 127.0.0.1 at 2012-07-22 00:33:42 +0300
Processing by TasksController#index as HTML
  MOPED: 127.0.0.1:27017 COMMAND      database=admin command={:ismaster=>1} (0.9480ms)
  MOPED: 127.0.0.1:27017 QUERY        database=dummy_development collection=tasks selector={} flags=[] limit=0 skip=0 fields=nil (0.3116ms)
  Rendered tasks/index.html.erb within layouts/application (5.1ms)
Completed 200 OK in 10ms (Views: 9.1ms)


Started GET "/tasks" for 127.0.0.1 at 2012-07-22 00:33:42 +0300
Processing by TasksController#index as */*
  MOPED: 127.0.0.1:27017 COMMAND      database=admin command={:ismaster=>1} (0.6630ms)
  MOPED: 127.0.0.1:27017 QUERY        database=dummy_development collection=tasks selector={} flags=[] limit=0 skip=0 fields=nil (0.3271ms)
  Rendered tasks/index.html.erb within layouts/application (4.3ms)
Completed 200 OK in 10ms (Views: 9.6ms)


Started GET "/stylesheets/application.css" for 127.0.0.1 at 2012-07-22 00:33:42 +0300

ActionController::RoutingError (No route matches [GET] "/stylesheets/application.css"):
  actionpack (3.2.6) lib/action_dispatch/middleware/debug_exceptions.rb:21:in `call'
  actionpack (3.2.6) lib/action_dispatch/middleware/show_exceptions.rb:56:in `call'
  railties (3.2.6) lib/rails/rack/logger.rb:26:in `call_app'
  railties (3.2.6) lib/rails/rack/logger.rb:16:in `call'
  actionpack (3.2.6) lib/action_dispatch/middleware/request_id.rb:22:in `call'
  rack (1.4.1) lib/rack/methodoverride.rb:21:in `call'
  rack (1.4.1) lib/rack/runtime.rb:17:in `call'
  activesupport (3.2.6) lib/active_support/cache/strategy/local_cache.rb:72:in `call'
  rack (1.4.1) lib/rack/lock.rb:15:in `call'
  actionpack (3.2.6) lib/action_dispatch/middleware/static.rb:62:in `call'
  railties (3.2.6) lib/rails/engine.rb:479:in `call'
  railties (3.2.6) lib/rails/application.rb:220:in `call'
  rack (1.4.1) lib/rack/content_length.rb:14:in `call'
  railties (3.2.6) lib/rails/rack/log_tailer.rb:17:in `call'
  rack (1.4.1) lib/rack/handler/webrick.rb:59:in `service'
  /home/kraken/.rvm/rubies/ruby-1.9.3-p0/lib/ruby/1.9.1/webrick/httpserver.rb:138:in `service'
  /home/kraken/.rvm/rubies/ruby-1.9.3-p0/lib/ruby/1.9.1/webrick/httpserver.rb:94:in `run'
  /home/kraken/.rvm/rubies/ruby-1.9.3-p0/lib/ruby/1.9.1/webrick/server.rb:191:in `block in start_thread'


  Rendered /home/kraken/.rvm/gems/ruby-1.9.3-p0/gems/actionpack-3.2.6/lib/action_dispatch/middleware/templates/rescues/routing_error.erb within rescues/layout (1.0ms)


Started GET "/javascripts/application.js" for 127.0.0.1 at 2012-07-22 00:33:42 +0300

ActionController::RoutingError (No route matches [GET] "/javascripts/application.js"):
  actionpack (3.2.6) lib/action_dispatch/middleware/debug_exceptions.rb:21:in `call'
  actionpack (3.2.6) lib/action_dispatch/middleware/show_exceptions.rb:56:in `call'
  railties (3.2.6) lib/rails/rack/logger.rb:26:in `call_app'
  railties (3.2.6) lib/rails/rack/logger.rb:16:in `call'
  actionpack (3.2.6) lib/action_dispatch/middleware/request_id.rb:22:in `call'
  rack (1.4.1) lib/rack/methodoverride.rb:21:in `call'
  rack (1.4.1) lib/rack/runtime.rb:17:in `call'
  activesupport (3.2.6) lib/active_support/cache/strategy/local_cache.rb:72:in `call'
  rack (1.4.1) lib/rack/lock.rb:15:in `call'
  actionpack (3.2.6) lib/action_dispatch/middleware/static.rb:62:in `call'
  railties (3.2.6) lib/rails/engine.rb:479:in `call'
  railties (3.2.6) lib/rails/application.rb:220:in `call'
  rack (1.4.1) lib/rack/content_length.rb:14:in `call'
  railties (3.2.6) lib/rails/rack/log_tailer.rb:17:in `call'
  rack (1.4.1) lib/rack/handler/webrick.rb:59:in `service'
  /home/kraken/.rvm/rubies/ruby-1.9.3-p0/lib/ruby/1.9.1/webrick/httpserver.rb:138:in `service'
  /home/kraken/.rvm/rubies/ruby-1.9.3-p0/lib/ruby/1.9.1/webrick/httpserver.rb:94:in `run'
  /home/kraken/.rvm/rubies/ruby-1.9.3-p0/lib/ruby/1.9.1/webrick/server.rb:191:in `block in start_thread'


  Rendered /home/kraken/.rvm/gems/ruby-1.9.3-p0/gems/actionpack-3.2.6/lib/action_dispatch/middleware/templates/rescues/routing_error.erb within rescues/layout (1.0ms)
  MOPED: 127.0.0.1:27017 COMMAND      database=admin command={:ismaster=>1} (0.8612ms)
  MOPED: 127.0.0.1:27017 COMMAND      database=dummy_development command={:count=>:dummy_models, :query=>{"slug"=>"bla-and-bla"}} (17.6885ms)
  MOPED: 127.0.0.1:27017 COMMAND      database=dummy_development command={:count=>:dummy_models, :query=>{"slug"=>"bla-and-bla"}} (0.6540ms)
  MOPED: 127.0.0.1:27017 INSERT       database=dummy_development collection=dummy_models documents=[{"_id"=>"500bc5987f8ee3dc0d000001", "name"=>"bla&bla.", "slug"=>"bla-and-bla"}] flags=[] (0.2244ms)
  MOPED: 127.0.0.1:27017 COMMAND      database=dummy_development command={:count=>:dummy_models, :query=>{}} (0.6104ms)
  MOPED: 127.0.0.1:27017 QUERY        database=dummy_development collection=dummy_models selector={} flags=[] limit=0 skip=0 fields=nil (0.5605ms)
  MOPED: 127.0.0.1:27017 DELETE       database=dummy_development collection=dummy_models selector={"_id"=>"500bc5987f8ee3dc0d000001"} flags=[:remove_first] (0.2053ms)
  MOPED: 127.0.0.1:27017 COMMAND      database=dummy_development command={:count=>:dummy_models, :query=>{}} (0.8135ms)
  MOPED: 127.0.0.1:27017 QUERY        database=dummy_development collection=dummy_models selector={} flags=[] limit=0 skip=0 fields=nil (0.6323ms)
  MOPED: 127.0.0.1:27017 COMMAND      database=admin command={:ismaster=>1} (0.7012ms)
  MOPED: 127.0.0.1:27017 COMMAND      database=dummy_development command={:count=>:dummy_models, :query=>{"slug"=>""}} (0.5624ms)
  MOPED: 127.0.0.1:27017 COMMAND      database=dummy_development command={:count=>:dummy_models, :query=>{"slug"=>""}} (1.0111ms)
  MOPED: 127.0.0.1:27017 COMMAND      database=admin command={:ismaster=>1} (0.5746ms)
  MOPED: 127.0.0.1:27017 COMMAND      database=dummy_development command={:count=>:dummy_models, :query=>{"slug"=>"sss"}} (0.5302ms)
  MOPED: 127.0.0.1:27017 COMMAND      database=dummy_development command={:count=>:dummy_models, :query=>{"slug"=>"sss"}} (0.8669ms)
  MOPED: 127.0.0.1:27017 INSERT       database=dummy_development collection=dummy_models documents=[{"_id"=>"500be69b7f8ee3dc0d000002", "name"=>"sss", "slug"=>"sss"}] flags=[] (0.6375ms)
